<?xml version="1.0" encoding="UTF-8"?>
<!-- Generated by org.testng.reporters.JUnitReportReporter -->
<testsuite skipped="0" hostname="DESKTOP-DU7RI9Q" name="com.crm.comcast.Practice.CreateOrganizationTest" tests="1" failures="0" timestamp="2021-06-14T22:14:57 IST" time="18.549" errors="0">
  <testcase name="createOrganization" time="18.549" classname="com.crm.comcast.Practice.CreateOrganizationTest"/>
  <system-out/>
</testsuite> <!-- com.crm.comcast.Practice.CreateOrganizationTest -->
