<?xml version="1.0" encoding="UTF-8"?>
<!-- Generated by org.testng.reporters.JUnitReportReporter -->
<testsuite skipped="0" hostname="DESKTOP-DU7RI9Q" name="com.crm.comcast.VtigerTest.CreateOrganizationTest" tests="1" failures="0" timestamp="2021-06-07T16:36:19 IST" time="17.599" errors="0">
  <testcase name="createOrganization" time="17.599" classname="com.crm.comcast.VtigerTest.CreateOrganizationTest"/>
  <system-out/>
</testsuite> <!-- com.crm.comcast.VtigerTest.CreateOrganizationTest -->
