<?xml version="1.0" encoding="UTF-8"?>
<!-- Generated by org.testng.reporters.JUnitReportReporter -->
<testsuite skipped="0" hostname="DESKTOP-DU7RI9Q" name="com.crm.comcast.VtigerTest.CreateContactWithOrganizationTest" tests="1" failures="0" timestamp="2021-06-07T17:09:52 IST" time="17.667" errors="0">
  <testcase name="CreateContactwithOrganization" time="17.667" classname="com.crm.comcast.VtigerTest.CreateContactWithOrganizationTest"/>
  <system-out/>
</testsuite> <!-- com.crm.comcast.VtigerTest.CreateContactWithOrganizationTest -->
