<?xml version="1.0" encoding="UTF-8"?>
<!-- Generated by org.testng.reporters.JUnitReportReporter -->
<testsuite skipped="0" hostname="DESKTOP-DU7RI9Q" name="com.crm.comcast.LeadsTest.TL_07_CreateNewLeadBySelectingDifferentIndustryFromDDTest" tests="1" failures="0" timestamp="2021-06-08T10:28:38 IST" time="27.955" errors="0">
  <testcase name="CreateNewLeadIndustry" time="27.955" classname="com.crm.comcast.LeadsTest.TL_07_CreateNewLeadBySelectingDifferentIndustryFromDDTest"/>
  <system-out/>
</testsuite> <!-- com.crm.comcast.LeadsTest.TL_07_CreateNewLeadBySelectingDifferentIndustryFromDDTest -->
