<?xml version="1.0" encoding="UTF-8"?>
<!-- Generated by org.testng.reporters.JUnitReportReporter -->
<testsuite skipped="0" hostname="DESKTOP-DU7RI9Q" name="com.crm.comcast.LeadsTest.TL_06_CreateNewLeadBySelectingDifferentLeadSourceFromDDTest" tests="1" failures="0" timestamp="2021-06-08T11:19:04 IST" time="20.728" errors="0">
  <testcase name="CreateNewLead" time="20.728" classname="com.crm.comcast.LeadsTest.TL_06_CreateNewLeadBySelectingDifferentLeadSourceFromDDTest"/>
  <system-out/>
</testsuite> <!-- com.crm.comcast.LeadsTest.TL_06_CreateNewLeadBySelectingDifferentLeadSourceFromDDTest -->
