<?xml version="1.0" encoding="UTF-8"?>
<!-- Generated by org.testng.reporters.JUnitReportReporter -->
<testsuite skipped="0" hostname="DESKTOP-DU7RI9Q" name="com.crm.comcast.VtigerTest.CreateOrganizationWithIndustryTest" tests="1" failures="0" timestamp="2021-06-07T17:27:05 IST" time="18.809" errors="0">
  <testcase name="CreateOrganizationWithIndustry" time="18.809" classname="com.crm.comcast.VtigerTest.CreateOrganizationWithIndustryTest"/>
  <system-out/>
</testsuite> <!-- com.crm.comcast.VtigerTest.CreateOrganizationWithIndustryTest -->
