<?xml version="1.0" encoding="UTF-8"?>
<!-- Generated by org.testng.reporters.JUnitReportReporter -->
<testsuite skipped="0" hostname="DESKTOP-DU7RI9Q" name="com.crm.comcast.Practice.DemoDataProvider" tests="2" failures="0" timestamp="2021-06-14T22:25:45 IST" time="0.008" errors="0">
  <testcase name="readData" time="0.001" classname="com.crm.comcast.Practice.DemoDataProvider"/>
  <system-out/>
  <testcase name="readData" time="0.007" classname="com.crm.comcast.Practice.DemoDataProvider"/>
  <system-out/>
</testsuite> <!-- com.crm.comcast.Practice.DemoDataProvider -->
